<?xml version="1.0" encoding="UTF-8"?><testsuite name="nosetests" tests="35" errors="0" failures="0" skip="0"><testcase classname="test_Executor.ExecutorTestSuite" name="testConstructer" time="0.000"></testcase><testcase classname="test_Executor.ExecutorTestSuite" name="testConstructerExcept" time="0.000"></testcase><testcase classname="test_Executor.ExecutorTestSuite" name="testExecuteAndroidKeycode" time="1.084"></testcase><testcase classname="test_Executor.ExecutorTestSuite" name="testExecuteAssertExist" time="0.000"></testcase><testcase classname="test_Executor.ExecutorTestSuite" name="testExecuteAssertNotExist" time="0.000"></testcase><testcase classname="test_Executor.ExecutorTestSuite" name="testExecuteClick" time="0.001"></testcase><testcase classname="test_Executor.ExecutorTestSuite" name="testExecuteDrag" time="0.000"></testcase><testcase classname="test_Executor.ExecutorTestSuite" name="testExecuteDragExcept" time="0.000"></testcase><testcase classname="test_Executor.ExecutorTestSuite" name="testExecuteNone" time="0.001"></testcase><testcase classname="test_Executor.ExecutorTestSuite" name="testExecuteSetText" time="0.000"></testcase><testcase classname="test_Executor.ExecutorTestSuite" name="testExecuteSleep" time="0.000"></testcase><testcase classname="test_Executor.ExecutorTestSuite" name="testExecuteSleepExcept" time="0.001"></testcase><testcase classname="test_Executor.ExecutorTestSuite" name="testExecuteTestCase" time="0.001"></testcase><testcase classname="test_Executor.ExecutorTestSuite" name="testExecuteTestCaseExcept" time="0.001"></testcase><testcase classname="test_Executor.ExecutorTestSuite" name="testRun" time="7.616"><system-out><![CDATA[success
success
]]></system-out></testcase><testcase classname="test_Executor.ExecutorTestSuite" name="testRunAll" time="1.049"></testcase><testcase classname="test_Executor.ExecutorTestSuite" name="testRunAllError" time="1.167"></testcase><testcase classname="test_Executor.ExecutorTestSuite" name="testStepResult" time="0.001"></testcase><testcase classname="test_Step.StepTestSuite" name="testConstructer" time="0.000"></testcase><testcase classname="test_Step.StepTestSuite" name="testGetSequence" time="0.000"></testcase><testcase classname="test_Step.StepTestSuite" name="testGetStatus" time="0.000"></testcase><testcase classname="test_Step.StepTestSuite" name="testGetStatusExcept" time="0.001"></testcase><testcase classname="test_Step.StepTestSuite" name="testSetAction" time="0.000"></testcase><testcase classname="test_Step.StepTestSuite" name="testSetActionExcept" time="0.001"></testcase><testcase classname="test_Step.StepTestSuite" name="testSetSequence" time="0.001"></testcase><testcase classname="test_Step.StepTestSuite" name="testSetStatus" time="0.001"></testcase><testcase classname="test_Step.StepTestSuite" name="testSetStatusExcept" time="0.000"></testcase><testcase classname="test_Step.StepTestSuite" name="testSetValue" time="0.000"></testcase><testcase classname="test_TestCase.TestCaseTestSuite" name="testConstructer" time="0.000"></testcase><testcase classname="test_TestCase.TestCaseTestSuite" name="testDelete" time="0.000"></testcase><testcase classname="test_TestCase.TestCaseTestSuite" name="testGetStatus" time="0.000"></testcase><testcase classname="test_TestCase.TestCaseTestSuite" name="testInsert" time="0.001"></testcase><testcase classname="test_TestCase.TestCaseTestSuite" name="testSetAction" time="0.000"></testcase><testcase classname="test_TestCase.TestCaseTestSuite" name="testSetStatus" time="0.000"></testcase><testcase classname="test_TestCase.TestCaseTestSuite" name="testSetValue" time="0.000"></testcase></testsuite>